<?xml version="1.0" encoding="utf-8"?><testsuites name="pytest tests"><testsuite name="pytest" errors="0" failures="0" skipped="0" tests="7" time="3.010" timestamp="2026-05-26T18:56:45.928535+00:00" hostname="agent-env-086975a5-a2b7-405f-9f21-354e1e38e962"><testcase classname="backend.tests.backend_test.TestRoot" name="test_root_returns_ok" time="0.353" /><testcase classname="backend.tests.backend_test.TestContactCreate" name="test_create_contact_success" time="0.285" /><testcase classname="backend.tests.backend_test.TestContactCreate" name="test_create_contact_invalid_email" time="0.153" /><testcase classname="backend.tests.backend_test.TestContactCreate" name="test_create_contact_missing_fields" time="0.202" /><testcase classname="backend.tests.backend_test.TestContactCreate" name="test_create_contact_empty_name" time="0.121" /><testcase classname="backend.tests.backend_test.TestContactList" name="test_list_contacts_returns_array" time="0.144" /><testcase classname="backend.tests.backend_test.TestContactList" name="test_list_contacts_sorted_desc_by_created_at" time="1.551" /></testsuite></testsuites>